<?xml version="1.0" encoding="UTF-8"?>
<!-- Generated by org.testng.reporters.JUnitXMLReporter -->
<testsuite hostname="vishal-PC" ignored="0" name="ToolsQA" tests="8" failures="0" timestamp="04 Aug 2018 18:44:26 GMT" time="55.82" errors="0">
  <testcase name="openBrowser" time="15.916" classname="com.testng.AppTest"/>
  <testcase name="login" time="11.534" classname="com.testng.AppTest"/>
  <testcase name="testClickProfile" time="1.658" classname="com.testng.AppTest"/>
  <testcase name="testClickHome" time="4.27" classname="com.testng.AppTest"/>
  <testcase name="testClickMessages" time="2.686" classname="com.testng.AppTest"/>
  <testcase name="testClickMessagesCont" time="8.124" classname="com.testng.AppTest"/>
  <testcase name="logout" time="9.393" classname="com.testng.AppTest"/>
  <testcase name="closeBrowser" time="2.131" classname="com.testng.AppTest"/>
</testsuite> <!-- ToolsQA -->
