<?xml version="1.0" encoding="UTF-8"?>
<testng-results skipped="0" failed="0" ignored="0" total="8" passed="8">
  <reporter-output>
  </reporter-output>
  <suite name="Suite" duration-ms="55820" started-at="2018-08-04T18:43:30Z" finished-at="2018-08-04T18:44:26Z">
    <groups>
    </groups>
    <test name="ToolsQA" duration-ms="55820" started-at="2018-08-04T18:43:30Z" finished-at="2018-08-04T18:44:26Z">
      <class name="com.testng.AppTest">
        <test-method status="PASS" signature="setChromeExeFilePath(java.lang.String)[pri:0, instance:com.testng.AppTest@1794d431]" name="setChromeExeFilePath" is-config="true" duration-ms="41" started-at="2018-08-04T18:43:30Z" finished-at="2018-08-04T18:43:30Z">
          <params>
            <param index="0">
              <value>
                <![CDATA[E:\downloads\chromedriver_win32\chromedriver.exe]]>
              </value>
            </param>
          </params>
          <reporter-output>
          </reporter-output>
        </test-method> <!-- setChromeExeFilePath -->
        <test-method status="PASS" signature="openBrowser()[pri:0, instance:com.testng.AppTest@1794d431]" name="openBrowser" duration-ms="15916" started-at="2018-08-04T18:43:30Z" finished-at="2018-08-04T18:43:46Z">
          <reporter-output>
          </reporter-output>
        </test-method> <!-- openBrowser -->
        <test-method status="PASS" signature="login(java.lang.String, java.lang.String)[pri:1, instance:com.testng.AppTest@1794d431]" name="login" duration-ms="11534" started-at="2018-08-04T18:43:46Z" finished-at="2018-08-04T18:43:58Z">
          <params>
            <param index="0">
              <value>
                <![CDATA[vishal.rathore7@gmail.com]]>
              </value>
            </param>
            <param index="1">
              <value>
                <![CDATA[Victoria@#19]]>
              </value>
            </param>
          </params>
          <reporter-output>
          </reporter-output>
        </test-method> <!-- login -->
        <test-method status="PASS" signature="testClickProfile()[pri:2, instance:com.testng.AppTest@1794d431]" name="testClickProfile" duration-ms="1658" started-at="2018-08-04T18:43:58Z" finished-at="2018-08-04T18:43:59Z">
          <reporter-output>
          </reporter-output>
        </test-method> <!-- testClickProfile -->
        <test-method status="PASS" signature="testClickHome()[pri:3, instance:com.testng.AppTest@1794d431]" name="testClickHome" duration-ms="4270" started-at="2018-08-04T18:43:59Z" finished-at="2018-08-04T18:44:03Z">
          <reporter-output>
          </reporter-output>
        </test-method> <!-- testClickHome -->
        <test-method status="PASS" signature="testClickMessages()[pri:4, instance:com.testng.AppTest@1794d431]" name="testClickMessages" duration-ms="2686" started-at="2018-08-04T18:44:03Z" finished-at="2018-08-04T18:44:06Z">
          <reporter-output>
          </reporter-output>
        </test-method> <!-- testClickMessages -->
        <test-method status="PASS" signature="testClickMessagesCont()[pri:5, instance:com.testng.AppTest@1794d431]" name="testClickMessagesCont" duration-ms="8124" started-at="2018-08-04T18:44:06Z" finished-at="2018-08-04T18:44:14Z">
          <reporter-output>
          </reporter-output>
        </test-method> <!-- testClickMessagesCont -->
        <test-method status="PASS" signature="logout()[pri:6, instance:com.testng.AppTest@1794d431]" name="logout" duration-ms="9393" started-at="2018-08-04T18:44:14Z" finished-at="2018-08-04T18:44:24Z">
          <reporter-output>
          </reporter-output>
        </test-method> <!-- logout -->
        <test-method status="PASS" signature="closeBrowser()[pri:7, instance:com.testng.AppTest@1794d431]" name="closeBrowser" duration-ms="2131" started-at="2018-08-04T18:44:24Z" finished-at="2018-08-04T18:44:26Z">
          <reporter-output>
          </reporter-output>
        </test-method> <!-- closeBrowser -->
      </class> <!-- com.testng.AppTest -->
    </test> <!-- ToolsQA -->
  </suite> <!-- Suite -->
</testng-results>
